C51 COMPILER V9.01   MAINFRAME                                                             05/17/2016 13:44:08 PAGE 1   


C51 COMPILER V9.01, COMPILATION OF MODULE MAINFRAME
OBJECT MODULE PLACED IN mainframe.OBJ
COMPILER INVOKED BY: C:\Keil\C51\BIN\C51.EXE mainframe.c BROWSE DEBUG OBJECTEXTEND

line level    source

   1          #include <reg52.h>
   2          #include <intrins.h>
   3          #define uchar unsigned char 
   4          #define uint unsigned int
   5          #define Array_Max 80
   6          #include "LCD1602.h"
   7          #include "GET.h"
   8          
   9          void main(void){
  10   1              init();
  11   1              initget();
  12   1              get_m();
  13   1              while(1){
  14   2                      ;
  15   2              }
  16   1      }


MODULE INFORMATION:   STATIC OVERLAYABLE
   CODE SIZE        =    742    ----
   CONSTANT SIZE    =   ----    ----
   XDATA SIZE       =   ----    ----
   PDATA SIZE       =   ----    ----
   DATA SIZE        =     95    ----
   IDATA SIZE       =   ----    ----
   BIT SIZE         =   ----       2
END OF MODULE INFORMATION.


C51 COMPILATION COMPLETE.  0 WARNING(S),  0 ERROR(S)
